<?xml version="1.0" encoding="UTF-8"?>
<!-- Generated by org.testng.reporters.JUnitXMLReporter -->
<testsuite ignored="0" hostname="LTIN593314" failures="0" tests="11" name="Test" time="82.826" errors="0" timestamp="2025-04-21T09:14:57 IST">
  <testcase classname="testNGTests.homePageTest" name="closePopUp" time="3.413"/>
  <testcase classname="testNGTests.oneWayCabSearchTest" name="sourceSelection" time="4.575"/>
  <testcase classname="testNGTests.oneWayCabSearchTest" name="destinationSelection" time="3.706"/>
  <testcase classname="testNGTests.oneWayCabSearchTest" name="departure" time="1.952"/>
  <testcase classname="testNGTests.oneWayCabSearchTest" name="pickUp" time="13.144"/>
  <testcase classname="testNGTests.oneWayCabSearchTest" name="filters" time="6.434"/>
  <testcase classname="testNGTests.oneWayCabSearchTest" name="lowestPrices" time="34.095"/>
  <testcase classname="testNGTests.giftCardsPageTest" name="selection" time="6.385"/>
  <testcase classname="testNGTests.cardDetailsTest" name="customerDetails" time="2.728"/>
  <testcase classname="testNGTests.cardDetailsTest" name="senderDetails" time="1.202"/>
  <testcase classname="testNGTests.noOfAdultsTest" name="sourceSelection" time="4.169"/>
</testsuite> <!-- Test -->
